TN:
SF:src\modules\users\services\CreateUserService.ts
FN:73,__decorate
FN:73,__metadata
FN:73,__param
FN:73,__awaiter
FN:73,adopt
FN:73,fulfilled
FN:73,rejected
FN:73,step
FN:73,__generator
FN:73,sent
FN:73,g.<computed>
FN:73,verb
FN:73,step
FN:73,__importDefault
FN:8,CreateUserModel
FN:13,CreateUserModel.userMobileModel
FN:35,CreateUserModel.userWebModel
FNF:17
FNH:15
FNDA:1,__decorate
FNDA:1,__metadata
FNDA:1,__param
FNDA:4,__awaiter
FNDA:4,adopt
FNDA:4,fulfilled
FNDA:0,rejected
FNDA:8,step
FNDA:4,__generator
FNDA:4,sent
FNDA:0,g.<computed>
FNDA:12,verb
FNDA:8,step
FNDA:1,__importDefault
FNDA:4,CreateUserModel
FNDA:2,CreateUserModel.userMobileModel
FNDA:2,CreateUserModel.userWebModel
DA:1,1
DA:2,1
DA:3,1
DA:4,1
DA:5,1
DA:6,1
DA:7,1
DA:8,1
DA:9,4
DA:10,4
DA:11,4
DA:12,1
DA:13,1
DA:14,2
DA:15,2
DA:16,2
DA:17,1
DA:18,1
DA:19,1
DA:20,1
DA:21,1
DA:22,2
DA:23,2
DA:24,2
DA:25,2
DA:26,2
DA:27,2
DA:28,2
DA:29,2
DA:30,2
DA:31,2
DA:32,2
DA:33,2
DA:34,1
DA:35,1
DA:36,2
DA:37,2
DA:38,2
DA:39,1
DA:40,1
DA:41,1
DA:42,1
DA:43,1
DA:44,2
DA:45,2
DA:46,2
DA:47,0
DA:48,0
DA:49,0
DA:50,2
DA:51,2
DA:52,2
DA:53,2
DA:54,2
DA:55,2
DA:56,2
DA:57,2
DA:58,2
DA:59,2
DA:60,2
DA:61,2
DA:62,2
DA:63,2
DA:64,2
DA:65,2
DA:66,2
DA:67,2
DA:68,2
DA:69,2
DA:70,2
DA:71,1
DA:72,1
DA:73,1
LF:73
LH:70
BRDA:73,0,0,1
BRDA:73,1,0,1
BRDA:73,2,0,0
BRDA:73,3,0,0
BRDA:73,4,0,0
BRDA:73,5,0,0
BRDA:73,6,0,1
BRDA:73,7,0,1
BRDA:73,8,0,1
BRDA:73,9,0,4
BRDA:73,10,0,4
BRDA:73,11,0,0
BRDA:73,12,0,4
BRDA:73,13,0,4
BRDA:73,14,0,0
BRDA:73,15,0,8
BRDA:73,16,0,4
BRDA:73,17,0,4
BRDA:73,18,0,4
BRDA:73,19,0,4
BRDA:73,20,0,0
BRDA:73,21,0,12
BRDA:73,22,0,8
BRDA:73,23,0,8
BRDA:73,24,0,0
BRDA:73,25,0,20
BRDA:73,26,0,0
BRDA:73,27,0,0
BRDA:73,28,0,0
BRDA:73,29,0,0
BRDA:73,30,0,8
BRDA:73,31,0,8
BRDA:73,32,0,4
BRDA:73,33,0,0
BRDA:73,34,0,0
BRDA:73,35,0,8
BRDA:73,36,0,4
BRDA:73,37,0,4
BRDA:73,38,0,4
BRDA:73,39,0,0
BRDA:73,40,0,0
BRDA:73,41,0,4
BRDA:73,42,0,0
BRDA:73,43,0,0
BRDA:73,44,0,4
BRDA:73,45,0,0
BRDA:73,46,0,4
BRDA:73,47,0,0
BRDA:73,48,0,4
BRDA:73,49,0,8
BRDA:73,50,0,0
BRDA:73,51,0,8
BRDA:73,52,0,4
BRDA:73,53,0,0
BRDA:73,54,0,4
BRDA:73,55,0,0
BRDA:73,56,0,1
BRDA:73,57,0,0
BRDA:7,58,0,1
BRDA:8,59,0,4
BRDA:13,60,0,2
BRDA:73,61,0,2
BRDA:73,62,0,3
BRDA:73,63,0,2
BRDA:16,64,0,1
BRDA:73,65,0,1
BRDA:24,66,0,0
BRDA:73,67,0,0
BRDA:73,68,0,0
BRDA:35,69,0,2
BRDA:73,70,0,2
BRDA:73,71,0,5
BRDA:73,72,0,2
BRDA:37,73,0,1
BRDA:38,74,0,1
BRDA:73,75,0,1
BRDA:46,76,0,0
BRDA:73,77,0,1
BRDA:73,78,0,1
BRDA:73,79,0,0
BRDA:73,80,0,0
BRF:81
BRH:51
end_of_record
