TN:
SF:src\modules\users\services\AuthService.ts
FN:112,get
FN:112,__setModuleDefault
FN:112,__decorate
FN:112,__importStar
FN:112,__metadata
FN:112,__param
FN:112,__awaiter
FN:112,adopt
FN:112,fulfilled
FN:112,rejected
FN:112,step
FN:112,__generator
FN:112,sent
FN:112,g.<computed>
FN:112,verb
FN:112,step
FN:112,__importDefault
FN:18,AuthService
FN:23,AuthService.generateToken
FN:59,AuthService.forgotPassword
FN:91,AuthService.resetPassword
FNF:21
FNH:17
FNDA:1,get
FNDA:0,__setModuleDefault
FNDA:1,__decorate
FNDA:1,__importStar
FNDA:1,__metadata
FNDA:1,__param
FNDA:6,__awaiter
FNDA:9,adopt
FNDA:9,fulfilled
FNDA:0,rejected
FNDA:15,step
FNDA:6,__generator
FNDA:9,sent
FNDA:0,g.<computed>
FNDA:18,verb
FNDA:15,step
FNDA:3,__importDefault
FNDA:1,AuthService
FNDA:4,AuthService.generateToken
FNDA:2,AuthService.forgotPassword
FNDA:0,AuthService.resetPassword
DA:1,1
DA:2,1
DA:3,1
DA:4,1
DA:5,1
DA:6,1
DA:7,1
DA:8,1
DA:9,1
DA:10,1
DA:11,1
DA:12,1
DA:13,1
DA:14,1
DA:15,1
DA:16,1
DA:17,1
DA:18,1
DA:19,1
DA:20,1
DA:21,1
DA:22,1
DA:23,1
DA:24,4
DA:25,4
DA:26,4
DA:27,3
DA:28,3
DA:29,4
DA:30,4
DA:31,2
DA:32,2
DA:33,2
DA:34,2
DA:35,2
DA:36,4
DA:37,4
DA:38,1
DA:39,1
DA:40,1
DA:41,1
DA:42,4
DA:43,4
DA:44,4
DA:45,0
DA:46,0
DA:47,0
DA:48,0
DA:49,4
DA:50,4
DA:51,4
DA:52,4
DA:53,4
DA:54,4
DA:55,4
DA:56,4
DA:57,4
DA:58,1
DA:59,1
DA:60,2
DA:61,2
DA:62,2
DA:63,2
DA:64,1
DA:65,1
DA:66,1
DA:67,1
DA:68,1
DA:69,1
DA:70,1
DA:71,1
DA:72,1
DA:73,1
DA:74,1
DA:75,1
DA:76,1
DA:77,1
DA:78,1
DA:79,2
DA:80,2
DA:81,2
DA:82,0
DA:83,0
DA:84,0
DA:85,2
DA:86,2
DA:87,2
DA:88,2
DA:89,2
DA:90,1
DA:91,1
DA:92,0
DA:93,0
DA:94,0
DA:95,0
DA:96,0
DA:97,0
DA:98,0
DA:99,0
DA:100,0
DA:101,0
DA:102,0
DA:103,0
DA:104,0
DA:105,0
DA:106,0
DA:107,0
DA:108,0
DA:109,0
DA:110,1
DA:111,1
DA:112,1
LF:112
LH:87
BRDA:112,0,0,1
BRDA:112,1,0,0
BRDA:112,2,0,0
BRDA:112,3,0,2
BRDA:112,4,0,1
BRDA:112,5,0,0
BRDA:112,6,0,1
BRDA:112,7,0,1
BRDA:112,8,0,0
BRDA:112,9,0,0
BRDA:112,10,0,0
BRDA:112,11,0,0
BRDA:112,12,0,1
BRDA:112,13,0,0
BRDA:112,14,0,2
BRDA:112,15,0,1
BRDA:112,16,0,1
BRDA:112,17,0,1
BRDA:112,18,0,6
BRDA:112,19,0,9
BRDA:112,20,0,0
BRDA:112,21,0,6
BRDA:112,22,0,9
BRDA:112,23,0,0
BRDA:112,24,0,15
BRDA:112,25,0,6
BRDA:112,26,0,9
BRDA:112,27,0,6
BRDA:112,28,0,9
BRDA:112,29,0,0
BRDA:112,30,0,18
BRDA:112,31,0,15
BRDA:112,32,0,15
BRDA:112,33,0,0
BRDA:112,34,0,36
BRDA:112,35,0,0
BRDA:112,36,0,0
BRDA:112,37,0,0
BRDA:112,38,0,0
BRDA:112,39,0,15
BRDA:112,40,0,15
BRDA:112,41,0,9
BRDA:112,42,0,0
BRDA:112,43,0,0
BRDA:112,44,0,12
BRDA:112,45,0,6
BRDA:112,46,0,6
BRDA:112,47,0,6
BRDA:112,48,0,0
BRDA:112,49,0,0
BRDA:112,50,0,6
BRDA:112,51,0,0
BRDA:112,52,0,0
BRDA:112,53,0,6
BRDA:112,54,0,0
BRDA:112,55,0,6
BRDA:112,56,0,0
BRDA:112,57,0,6
BRDA:112,58,0,15
BRDA:112,59,0,0
BRDA:112,60,0,15
BRDA:112,61,0,6
BRDA:112,62,0,0
BRDA:112,63,0,6
BRDA:112,64,0,0
BRDA:112,65,0,3
BRDA:112,66,0,0
BRDA:17,67,0,1
BRDA:18,68,0,1
BRDA:23,69,0,4
BRDA:112,70,0,4
BRDA:112,71,0,10
BRDA:112,72,0,4
BRDA:26,73,0,1
BRDA:26,74,0,3
BRDA:112,75,0,3
BRDA:30,76,0,1
BRDA:30,77,0,2
BRDA:112,78,0,2
BRDA:37,79,0,1
BRDA:112,80,0,1
BRDA:44,81,0,0
BRDA:112,82,0,0
BRDA:112,83,0,0
BRDA:59,84,0,2
BRDA:112,85,0,2
BRDA:112,86,0,5
BRDA:112,87,0,2
BRDA:112,88,0,2
BRDA:63,89,0,1
BRDA:112,90,0,1
BRDA:81,91,0,0
BRDA:112,92,0,0
BRDA:112,93,0,0
BRF:94
BRH:60
end_of_record
TN:
SF:src\modules\users\services\CreateUserService.ts
FN:77,__decorate
FN:77,__metadata
FN:77,__param
FN:77,__awaiter
FN:77,adopt
FN:77,fulfilled
FN:77,rejected
FN:77,step
FN:77,__generator
FN:77,sent
FN:77,g.<computed>
FN:77,verb
FN:77,step
FN:77,__importDefault
FN:10,UserModel
FN:15,UserModel.userMobileModel
FN:37,UserModel.userWebModel
FNF:17
FNH:15
FNDA:2,__decorate
FNDA:2,__metadata
FNDA:2,__param
FNDA:7,__awaiter
FNDA:8,adopt
FNDA:8,fulfilled
FNDA:0,rejected
FNDA:15,step
FNDA:7,__generator
FNDA:8,sent
FNDA:0,g.<computed>
FNDA:21,verb
FNDA:15,step
FNDA:2,__importDefault
FNDA:6,UserModel
FNDA:3,UserModel.userMobileModel
FNDA:4,UserModel.userWebModel
DA:1,1
DA:2,1
DA:3,1
DA:4,1
DA:5,1
DA:6,1
DA:7,1
DA:8,1
DA:9,2
DA:10,2
DA:11,6
DA:12,6
DA:13,6
DA:14,2
DA:15,2
DA:16,3
DA:17,3
DA:18,3
DA:19,1
DA:20,1
DA:21,1
DA:22,2
DA:23,2
DA:24,3
DA:25,3
DA:26,3
DA:27,3
DA:28,3
DA:29,3
DA:30,3
DA:31,3
DA:32,3
DA:33,3
DA:34,3
DA:35,3
DA:36,2
DA:37,2
DA:38,4
DA:39,4
DA:40,4
DA:41,1
DA:42,1
DA:43,1
DA:44,3
DA:45,3
DA:46,3
DA:47,3
DA:48,4
DA:49,4
DA:50,4
DA:51,2
DA:52,2
DA:53,2
DA:54,1
DA:55,1
DA:56,4
DA:57,4
DA:58,4
DA:59,4
DA:60,4
DA:61,4
DA:62,4
DA:63,4
DA:64,4
DA:65,4
DA:66,4
DA:67,4
DA:68,4
DA:69,4
DA:70,4
DA:71,4
DA:72,4
DA:73,4
DA:74,4
DA:75,2
DA:76,1
DA:77,1
LF:77
LH:77
BRDA:77,0,0,2
BRDA:77,1,0,2
BRDA:77,2,0,0
BRDA:77,3,0,0
BRDA:77,4,0,0
BRDA:77,5,0,0
BRDA:77,6,0,2
BRDA:77,7,0,2
BRDA:77,8,0,2
BRDA:77,9,0,7
BRDA:77,10,0,8
BRDA:77,11,0,0
BRDA:77,12,0,7
BRDA:77,13,0,8
BRDA:77,14,0,0
BRDA:77,15,0,15
BRDA:77,16,0,7
BRDA:77,17,0,8
BRDA:77,18,0,7
BRDA:77,19,0,8
BRDA:77,20,0,0
BRDA:77,21,0,21
BRDA:77,22,0,15
BRDA:77,23,0,15
BRDA:77,24,0,0
BRDA:77,25,0,37
BRDA:77,26,0,0
BRDA:77,27,0,0
BRDA:77,28,0,0
BRDA:77,29,0,0
BRDA:77,30,0,15
BRDA:77,31,0,15
BRDA:77,32,0,8
BRDA:77,33,0,0
BRDA:77,34,0,0
BRDA:77,35,0,14
BRDA:77,36,0,7
BRDA:77,37,0,7
BRDA:77,38,0,7
BRDA:77,39,0,0
BRDA:77,40,0,0
BRDA:77,41,0,7
BRDA:77,42,0,0
BRDA:77,43,0,0
BRDA:77,44,0,7
BRDA:77,45,0,0
BRDA:77,46,0,7
BRDA:77,47,0,0
BRDA:77,48,0,7
BRDA:77,49,0,15
BRDA:77,50,0,0
BRDA:77,51,0,15
BRDA:77,52,0,7
BRDA:77,53,0,0
BRDA:77,54,0,7
BRDA:77,55,0,0
BRDA:77,56,0,2
BRDA:77,57,0,0
BRDA:9,58,0,2
BRDA:10,59,0,6
BRDA:15,60,0,3
BRDA:77,61,0,3
BRDA:77,62,0,5
BRDA:77,63,0,3
BRDA:18,64,0,1
BRDA:21,65,0,2
BRDA:77,66,0,2
BRDA:26,67,0,0
BRDA:77,68,0,0
BRDA:77,69,0,0
BRDA:37,70,0,4
BRDA:77,71,0,4
BRDA:77,72,0,10
BRDA:77,73,0,4
BRDA:39,74,0,3
BRDA:40,75,0,3
BRDA:40,76,0,1
BRDA:77,77,0,3
BRDA:50,78,0,2
BRDA:53,79,0,1
BRDA:77,80,0,1
BRDA:77,81,0,1
BRDA:77,82,0,1
BRDA:77,83,0,0
BRDA:77,84,0,0
BRF:85
BRH:56
end_of_record
